2023-04-18 21:56:38 INFO  Log:17 - *****************************
2023-04-18 21:56:38 INFO  Log:18 - *****************************
2023-04-18 21:56:38 INFO  Log:19 - ***********This is the beginning of my Test case*********
2023-04-18 21:56:38 INFO  Log:35 - My test case is executing right now
2023-04-18 21:56:38 INFO  Log:40 - My test case might have some trivial issues
2023-04-18 21:56:44 INFO  Log:35 - This test case is about to get completed
2023-04-18 21:56:44 INFO  Log:27 - ######################################
2023-04-18 21:56:44 INFO  Log:28 - ######################################
2023-04-18 21:56:44 INFO  Log:29 - #################This test case is finished#####################
2023-05-13 12:13:24 INFO  Log:18 - *****************************
2023-05-13 12:13:24 INFO  Log:19 - *****************************
2023-05-13 12:13:24 INFO  Log:20 - ***********This is the beginning of my Test case*********
2023-05-13 12:13:24 INFO  Log:36 - My test case is executing right now
2023-05-13 12:13:24 INFO  Log:41 - My test case might have some trivial issues
2023-05-13 12:13:30 INFO  Log:36 - This test case is about to get completed
2023-05-13 12:13:30 INFO  Log:28 - ######################################
2023-05-13 12:13:30 INFO  Log:29 - ######################################
2023-05-13 12:13:30 INFO  Log:30 - #################This test case is finished#####################
2023-05-13 12:18:20 INFO  Log:18 - *****************************
2023-05-13 12:18:20 INFO  Log:19 - *****************************
2023-05-13 12:18:20 INFO  Log:20 - ***********This is the beginning of my Test case*********
2023-05-13 12:18:20 INFO  Log:36 - My test case is executing right now
2023-05-13 12:18:20 INFO  Log:41 - My test case might have some trivial issues
2023-05-13 12:18:29 INFO  Log:36 - This test case is about to get completed
2023-05-13 12:18:29 INFO  Log:28 - ######################################
2023-05-13 12:18:29 INFO  Log:29 - ######################################
2023-05-13 12:18:29 INFO  Log:30 - #################This test case is finished#####################
